0 info it worked if it ends with ok
1 verbose cli [ '/usr/local/bin/node', '/usr/local/bin/npm', 'run', 'compile' ]
2 info using npm@3.8.3
3 info using node@v4.4.1
4 verbose run-script [ 'precompile', 'compile', 'postcompile' ]
5 info lifecycle tsify-gulp@1.0.0~precompile: tsify-gulp@1.0.0
6 silly lifecycle tsify-gulp@1.0.0~precompile: no script for precompile, continuing
7 info lifecycle tsify-gulp@1.0.0~compile: tsify-gulp@1.0.0
8 verbose lifecycle tsify-gulp@1.0.0~compile: unsafe-perm in lifecycle true
9 verbose lifecycle tsify-gulp@1.0.0~compile: PATH: /usr/local/lib/node_modules/npm/bin/node-gyp-bin:/Users/pulasthibandara/projects/tsify-gulp/node_modules/.bin:/usr/local/bin:/Users/pulasthibandara/.dnx/runtimes/dnx-mono.1.0.0-rc1-update2/bin:/Users/pulasthibandara/.dnx/bin:/usr/local/php5/bin:/usr/local/bin:/usr/bin:/bin:/usr/sbin:/sbin:/Users/pulasthibandara/bin/:/usr/local/mysql/bin:/Users/pulasthibandara/.composer/vendor/bin:/opt/IBM/db2/V10.1/bin:/Users/pulasthibandara/.rvm/bin
10 verbose lifecycle tsify-gulp@1.0.0~compile: CWD: /Users/pulasthibandara/projects/tsify-gulp
11 silly lifecycle tsify-gulp@1.0.0~compile: Args: [ '-c', 'node test.js' ]
12 silly lifecycle tsify-gulp@1.0.0~compile: Returned: code: 1  signal: null
13 info lifecycle tsify-gulp@1.0.0~compile: Failed to exec compile script
14 verbose stack Error: tsify-gulp@1.0.0 compile: `node test.js`
14 verbose stack Exit status 1
14 verbose stack     at EventEmitter.<anonymous> (/usr/local/lib/node_modules/npm/lib/utils/lifecycle.js:239:16)
14 verbose stack     at emitTwo (events.js:87:13)
14 verbose stack     at EventEmitter.emit (events.js:172:7)
14 verbose stack     at ChildProcess.<anonymous> (/usr/local/lib/node_modules/npm/lib/utils/spawn.js:24:14)
14 verbose stack     at emitTwo (events.js:87:13)
14 verbose stack     at ChildProcess.emit (events.js:172:7)
14 verbose stack     at maybeClose (internal/child_process.js:827:16)
14 verbose stack     at Process.ChildProcess._handle.onexit (internal/child_process.js:211:5)
15 verbose pkgid tsify-gulp@1.0.0
16 verbose cwd /Users/pulasthibandara/projects/tsify-gulp
17 error Darwin 16.1.0
18 error argv "/usr/local/bin/node" "/usr/local/bin/npm" "run" "compile"
19 error node v4.4.1
20 error npm  v3.8.3
21 error code ELIFECYCLE
22 error tsify-gulp@1.0.0 compile: `node test.js`
22 error Exit status 1
23 error Failed at the tsify-gulp@1.0.0 compile script 'node test.js'.
23 error Make sure you have the latest version of node.js and npm installed.
23 error If you do, this is most likely a problem with the tsify-gulp package,
23 error not with npm itself.
23 error Tell the author that this fails on your system:
23 error     node test.js
23 error You can get information on how to open an issue for this project with:
23 error     npm bugs tsify-gulp
23 error Or if that isn't available, you can get their info via:
23 error     npm owner ls tsify-gulp
23 error There is likely additional logging output above.
24 verbose exit [ 1, true ]
